MACRO ASSEMBLER MAIN                                       04/19/14 17:52:55 PAGE     1


DOS MACRO ASSEMBLER MA51 V06.16.13.326
OBJECT MODULE PLACED IN C:\USERS\BRIAN\DOCUMENTS\GITHUB\SIDECHAIN-COMPRESSION\MAIN.OBJ
ASSEMBLER INVOKED BY: QUIET GENERATEDEPFILE EP SYNTAX(ASM51) PR XR PL(60) PW(80) DB OJ(C:\USERS\BRIAN\DOCUMENTS\GITHUB\SIDECHAIN-COMPRESSION\MAIN.OBJ) PIN(C:\RAISONANCE\RIDE\INC;C:\RAISONANCE\RIDE\INC\51) 

LOC     OBJ           LINE    SOURCE
                         1     ;Sidechain Compression Main Program
                         2     
                         3     $MOD51 
                         4     
                         5     ;Startup code goes here:
                         6     
                         7     ;Data
------                   8     DSEG AT 20H
0020                     9     PRESETONEGAIN:  DS 1
0021                    10     PRESETONETHRESH:  DS 1
0022                    11     PRESETONERATIO:  DS 1
0023                    12     PRESETONERELEASE:  DS 1
0024                    13     PRESETTWOGAIN:  DS 1
0025                    14     PRESETTWOTHRESH:  DS 1
0026                    15     PRESETTWORATIO:  DS 1
0027                    16     PRESETTWPRELEASE:  DS 1
0028                    17     PRESETTHREEGAIN:  DS 1
0029                    18     PRESETTHREETHRESH:  DS 1
002A                    19     PRESETTHREERATIO:  DS 1
002B                    20     PRESETTHREERELEASE:  DS 1
                        21     
                        22     ;Code
------                  23     CSEG AT 0  
0000    020040          24     START:  LJMP INIT ; Jump around interrupt handlers
                        25     
                        26     ;Delay code:
------                  27     CSEG AT 40H
                        28     INIT:  
0040    120043          29         LCALL DELAY1SEC
                        30     
                        31     DELAY1SEC:                    ; <------------------------------+
0043    120043          32             LCALL   DELAY1SEC    ; 3 cycles                       |
0046    7A2A            33             MOV     R2,#42D      ; 2 cycles                       |
0048    7900            34             MOV     R1,#00D      ; 2 cycles                       |
004A    7800            35             MOV     R0,#00D      ; 2 cycles                       |
004C    D8FE            36     LOOP:    DJNZ    R0,LOOP      ; 4 cycles <-- l1 <- l2 <- l3    Delay1sec
004E    D9FC            37             DJNZ    R1,LOOP      ; 4 cycles <---------+     |     |
0050    DAFA            38             DJNZ    R2,LOOP      ; 4 cycles <---------------+     |
0052    22              39             RET
                        40     
                        41     ;Main loop (reading from rotary encoders, writing to digipots)
                        42     
                        43     ;Interrupts from button presses
                        44     
                        45     

*** WARNING #87 IN LINE 45 OF C:\Users\brian\Documents\GitHub\Sidechain-Compression\Main.a51 : MISSING 'END' STATEMENT
MACRO ASSEMBLER MAIN                                       04/19/14 17:52:55 PAGE     0


SYMBOL TABLE LISTING
------ ----- -------


N A M E             T Y P E  V A L U E   ATTRIBUTES             REFERENCES

PRESETONETHRESH. .  D ADDR   0021H   A                          10# 
PRESETTHREERATIO .  D ADDR   002AH   A                          19# 
PRESETTHREEGAIN. .  D ADDR   0028H   A                          17# 
PRESETTHREERELEASE  D ADDR   002BH   A                          20# 
PRESETTWORATIO . .  D ADDR   0026H   A                          15# 
PRESETTWOGAIN. . .  D ADDR   0024H   A                          13# 
START. . . . . . .  C ADDR   0000H   A                          24# 
PRESETTWPRELEASE .  D ADDR   0027H   A                          16# 
INIT . . . . . . .  C ADDR   0040H   A                          24 28# 
PRESETONERATIO . .  D ADDR   0022H   A                          11# 
PRESETONEGAIN. . .  D ADDR   0020H   A                          9# 
PRESETONERELEASE .  D ADDR   0023H   A                          12# 
PRESETTHREETHRESH.  D ADDR   0029H   A                          18# 
LOOP . . . . . . .  C ADDR   004CH   A                          36# 37 38 
DELAY1SEC. . . . .  C ADDR   0043H   A                          29 31# 32 
PRESETTWOTHRESH. .  D ADDR   0025H   A                          14# 



MODULE INFORMATION:   STATIC OVERLAYABLE
   CODE SIZE        =     22    ----
   XDATA SIZE       =   ----    ----
   DATA SIZE        =     12    ----
   IDATA SIZE       =   ----    ----
   BIT SIZE         =   ----    ----
END OF MODULE INFORMATION.


REGISTER BANK(S) USED : 0 

ASSEMBLY COMPLETE.   1 WARNING(S)   0 ERROR(S)
